
       L= 44.00
       H=114.00
     . .  RO =   .380

                

  U   -9.70  -13.00  -13.00   -9.70    9.70   13.00   13.00    9.70  -13.20  -13.20   -4.40   -4.40    4.40    4.40   13.20   13.20

  V   44.23   39.23   24.06   19.05   19.05   24.06   39.23   44.23   89.10   79.40   89.10   79.40   89.10   79.40   89.10   79.40

                          

        .38     .38     .38     .38     .38     .38     .38     .38     .38     .38     .38     .38     .38     .38     .38     .38

                          

       7.50    7.50    7.50    7.50    7.50    7.50    7.50    7.50    7.50    7.50    7.50    7.50    7.50    7.50    7.50    7.50

         NP = 4
     HH HH  U0:     100.0     100.0     100.0     100.0
     H H     P0:  437000.0  437000.0  246000.0  246000.0

     H  HH
B( 1, 1, 1) =  1.00     B( 2, 2, 2) =  1.00     B( 3, 1, 3) =  1.00     B( 4, 2, 4) =  1.00     B(

     H  H
A( 1, 1, 1, 1) =  1.00  A( 1, 1, 2, 1) =  1.00  A( 2, 2, 3, 2) =  1.00  A( 2, 2, 4, 2) =  1.00  A( 3, 3, 9, 1) =  1.00
A( 3, 3,10, 1) =  1.00  A( 4, 4,11, 2) =  1.00  A( 4, 4,12, 2) =  1.00  A(
   
  U0:     159.197200      159.197200       96.369890       96.369880
 U( 1, 6)=  159.2  --      .0
 U( 3, 8)=     .0  --   159.2
 U(10,13)=   96.4  --      .0
 U(11,16)=     .0  --    96.4
 U( 1, 2)=     .0  --      .0
 U( 3, 4)=     .0  --      .0
 U( 5, 6)=     .0  --      .0
 U( 7, 8)=     .0  --      .0
 U( 9,10)=     .0  --      .0
 U(11,12)=     .0  --      .0
 U(13,14)=     .0  --      .0
 U(15,16)=     .0  --      .0
   
       1       2       3       4       5       6       7       8       9      10      11      12      13      14      15      16
     1330.   1412.   -302.    304.  -1329.  -1413.    301.   -304.   1291.   1262.   -345.   -355.  -1281.  -1271.    335.    364.
      304.   -301.   1413.   1329.   -304.    302.  -1412.  -1330.   -335.   -364.   1281.   1271.    345.    355.  -1291.  -1262.
     1364.   1444.   1445.   1363.   1363.   1445.   1444.   1364.   1334.   1314.   1327.   1320.   1327.   1320.   1334.   1314.
