
       L= 64.00
       H= 86.80
     . .  RO =   .300

                

  U  -10.00  -25.00   25.00   10.00

  V   57.50   10.00   10.00   57.50

                          

        .25     .25     .25     .25

                          

       8.00    8.00    8.00    8.00

         NP = 3
     HH HH  U0:     100.0     100.0     100.0
     H H     P0:  170000.0  170000.0  170000.0

     H  HH
B( 1, 1, 1) =  -.50     B( 1, 2, 1) =  -.87     B( 2, 1, 2) =  -.50     B( 2, 2, 2) =   .87     B( 3, 1, 3) =  1.00

     H  H
A( 1, 1, 1, 1) =  -.50  A( 1, 1, 1, 2) =  -.87  A( 2, 2, 2, 1) =  -.50  A( 2, 2, 2, 2) =   .87  A( 2, 2, 1, 1) =  -.50
A( 2, 2, 1, 2) =   .87  A( 3, 3, 4, 1) = -1.00  A(
   
  U0:     140.696600      133.036000      140.695500
 U( 1, 2)=  -70.3  --  -121.8
 U( 2, 3)=  -66.5  --   115.2
 U( 3, 4)=  140.7  --      .0
   
       1       2       3       4
     -980.    343.   1842.  -1205.
     -825.   1929.   -667.   -436.
     1281.   1959.   1959.   1281.
