
       L= 18.00
       H= 52.00
     . .  RO =   .400

                

  U   -6.00     .00    6.00

  V   37.25   28.30   37.25

                          

        .24     .24     .24

                          

       5.00    5.00    5.00

         NP = 1
     HH HH  U0:      90.0
     H H     P0:  150000.0

     H  HH
B( 1, 1, 1) =  -.50     B( 1, 2, 1) =  -.87     B( 2, 1, 1) =  -.50     B( 2, 2, 1) =   .87     B(

     H  H
A( 1, 1, 1, 1) = -1.00  A( 1, 1, 2, 1) =  -.50  A( 1, 1, 2, 2) =   .87  A(
   
  U0:      91.828060
 U( 1, 2)=  -45.9  --   -79.5
 U( 2, 3)=  -45.9  --    79.5
   
       1       2       3
     -814.      0.    814.
     -472.    944.   -472.
      941.    944.    941.
