
       L= 44.00
       H=114.00
     . .  RO =   .380

                

  U   -9.70  -13.00  -13.00   -9.70    9.70   13.00   13.00    9.70  -13.20  -13.20   -4.40   -4.40    4.40    4.40   13.20   13.20

  V   44.20   39.20   29.00   24.00   24.00   29.00   39.20   44.20   99.10   89.10   99.10   89.10   99.10   89.10   99.10   89.10

                          

        .38     .38     .38     .38     .38     .38     .38     .38     .38     .38     .38     .38     .38     .38     .38     .38

                          

       7.50    7.50    7.50    7.50    7.50    7.50    7.50    7.50    7.50    7.50    7.50    7.50    7.50    7.50    7.50    7.50

         NP = 4
     HH HH  U0:     100.0     100.0     100.0     100.0
     H H     P0:  500000.0  500000.0  300000.0  300000.0

     H  HH
B( 1, 1, 1) =  1.00     B( 2, 2, 2) =  1.00     B( 3, 1, 3) =  1.00     B( 4, 2, 4) =  1.00     B(

     H  H
A( 1, 1, 1, 1) =  1.00  A( 1, 1, 2, 1) =  1.00  A( 2, 2, 3, 2) =  1.00  A( 2, 2, 4, 2) =  1.00  A( 3, 3, 9, 1) =  1.00
A( 3, 3,10, 1) =  1.00  A( 4, 4,11, 2) =  1.00  A( 4, 4,12, 2) =  1.00  A(
   
  U0:     161.881000      161.881000      106.536500      106.536500
 U( 1, 6)=  161.9  --      .0
 U( 3, 8)=     .0  --   161.9
 U(10,13)=  106.5  --      .0
 U(11,16)=     .0  --   106.5
 U( 1, 2)=     .0  --      .0
 U( 3, 4)=     .0  --      .0
 U( 5, 6)=     .0  --      .0
 U( 7, 8)=     .0  --      .0
 U( 9,10)=     .0  --      .0
 U(11,12)=     .0  --      .0
 U(13,14)=     .0  --      .0
 U(15,16)=     .0  --      .0
   
       1       2       3       4       5       6       7       8       9      10      11      12      13      14      15      16
     1471.   1614.   -593.    183.  -1471.  -1614.    593.   -182.   1392.   1424.   -394.   -390.  -1399.  -1416.    405.    380.
      182.   -593.   1614.   1471.   -183.    593.  -1614.  -1471.   -405.   -380.   1399.   1416.    394.    390.  -1392.  -1424.
     1483.   1720.   1720.   1483.   1483.   1720.   1720.   1483.   1449.   1474.   1454.   1469.   1454.   1469.   1449.   1474.
