
       L= 44.00
       H=114.00
     . .  RO =   .380

                

  U   -9.70  -13.00  -13.00   -9.70    9.70   13.00   13.00    9.70  -13.20  -13.20   -4.40   -4.40    4.40    4.40   13.20   13.20

  V   44.20   39.20   29.00   24.00   24.00   29.00   39.20   44.20   99.10   89.10   99.10   89.10   99.10   89.10   99.10   89.10

                          

        .38     .38     .38     .38     .38     .38     .38     .38     .38     .38     .38     .38     .38     .38     .38     .38

                          

       7.50    7.50    7.50    7.50    7.50    7.50    7.50    7.50    7.50    7.50    7.50    7.50    7.50    7.50    7.50    7.50

         NP = 4
     HH HH  U0:     100.0     100.0     100.0     100.0
     H H     P0:  600000.0  600000.0  215000.0  215000.0

     H  HH
B( 1, 1, 1) =  1.00     B( 2, 2, 2) =  1.00     B( 3, 1, 3) =  1.00     B( 4, 2, 4) =  1.00     B(

     H  H
A( 1, 1, 1, 1) =  1.00  A( 1, 1, 2, 1) =  1.00  A( 2, 2, 3, 2) =  1.00  A( 2, 2, 4, 2) =  1.00  A( 3, 3, 9, 1) =  1.00
A( 3, 3,10, 1) =  1.00  A( 4, 4,11, 2) =  1.00  A( 4, 4,12, 2) =  1.00  A(
   
  U0:     177.240700      177.240700       90.327540       90.327530
 U( 1, 6)=  177.2  --      .0
 U( 3, 8)=     .0  --   177.2
 U(10,13)=   90.3  --      .0
 U(11,16)=     .0  --    90.3
 U( 1, 2)=     .0  --      .0
 U( 3, 4)=     .0  --      .0
 U( 5, 6)=     .0  --      .0
 U( 7, 8)=     .0  --      .0
 U( 9,10)=     .0  --      .0
 U(11,12)=     .0  --      .0
 U(13,14)=     .0  --      .0
 U(15,16)=     .0  --      .0
   
       1       2       3       4       5       6       7       8       9      10      11      12      13      14      15      16
     1614.   1769.   -647.    202.  -1613.  -1770.    648.   -203.   1179.   1201.   -337.   -335.  -1184.  -1197.    344.    328.
      203.   -648.   1770.   1613.   -202.    647.  -1769.  -1614.   -344.   -328.   1184.   1197.    337.    335.  -1179.  -1201.
     1627.   1883.   1884.   1625.   1625.   1884.   1883.   1627.   1228.   1245.   1231.   1243.   1231.   1243.   1228.   1245.
