
       L= 44.00
       H=114.00
     . .  RO =   .380

                

  U   -9.70  -13.00  -13.00   -9.70    9.70   13.00   13.00    9.70  -13.20  -13.20   -4.40   -4.40    4.40    4.40   13.20   13.20

  V   44.20   39.20   29.00   24.00   24.00   29.00   39.20   44.20   99.10   89.10   99.10   89.10   99.10   89.10   99.10   89.10

                          

        .38     .38     .38     .38     .38     .38     .38     .38     .38     .38     .38     .38     .38     .38     .38     .38

                          

       7.50    7.50    7.50    7.50    7.50    7.50    7.50    7.50    7.50    7.50    7.50    7.50    7.50    7.50    7.50    7.50

         NP = 4
     HH HH  U0:     100.0     100.0     100.0     100.0
     H H     P0:  750000.0  750000.0  200000.0  200000.0

     H  HH
B( 1, 1, 1) =  1.00     B( 2, 2, 2) =  1.00     B( 3, 1, 3) =  1.00     B( 4, 2, 4) =  1.00     B(

     H  H
A( 1, 1, 1, 1) =  1.00  A( 1, 1, 2, 1) =  1.00  A( 2, 2, 3, 2) =  1.00  A( 2, 2, 4, 2) =  1.00  A( 3, 3, 9, 1) =  1.00
A( 3, 3,10, 1) =  1.00  A( 4, 4,11, 2) =  1.00  A( 4, 4,12, 2) =  1.00  A(
   
  U0:     198.122700      198.122700       87.198970       87.198960
 U( 1, 6)=  198.1  --      .0
 U( 3, 8)=     .0  --   198.1
 U(10,13)=   87.2  --      .0
 U(11,16)=     .0  --    87.2
 U( 1, 2)=     .0  --      .0
 U( 3, 4)=     .0  --      .0
 U( 5, 6)=     .0  --      .0
 U( 7, 8)=     .0  --      .0
 U( 9,10)=     .0  --      .0
 U(11,12)=     .0  --      .0
 U(13,14)=     .0  --      .0
 U(15,16)=     .0  --      .0
   
       1       2       3       4       5       6       7       8       9      10      11      12      13      14      15      16
     1806.   1977.   -722.    226.  -1803.  -1980.    724.   -228.   1138.   1156.   -326.   -326.  -1142.  -1152.    332.    320.
      228.   -724.   1980.   1803.   -226.    722.  -1977.  -1806.   -332.   -320.   1142.   1152.    326.    326.  -1138.  -1156.
     1820.   2106.   2107.   1818.   1818.   2107.   2106.   1820.   1186.   1200.   1187.   1198.   1187.   1198.   1186.   1200.
