
       L= 44.00
       H=114.00
     . .  RO =   .380

                

  U  -13.20  -13.20   -4.40   -4.40    4.40    4.40   13.20   13.20

  V   99.10   89.10   99.10   89.10   99.10   89.10   99.10   89.10

                          

        .38     .38     .38     .38     .38     .38     .38     .38

                          

       7.50    7.50    7.50    7.50    7.50    7.50    7.50    7.50

         NP = 2
     HH HH  U0:     100.0     100.0
     H H     P0:  215000.0  215000.0

     H  HH
B( 1, 1, 1) =  1.00     B( 2, 2, 2) =  1.00     B(

     H  H
A( 1, 1, 1, 1) =  1.00  A( 1, 1, 2, 1) =  1.00  A( 2, 2, 3, 2) =  1.00  A( 2, 2, 4, 2) =  1.00  A(
   
  U0:      89.909020       89.909010
 U( 1, 6)=   89.9  --      .0
 U( 3, 8)=     .0  --    89.9
 U( 1, 2)=     .0  --      .0
 U( 3, 4)=     .0  --      .0
 U( 5, 6)=     .0  --      .0
 U( 7, 8)=     .0  --      .0
   
       1       2       3       4       5       6       7       8
     1176.   1221.   -325.   -316.  -1188.  -1209.    340.    301.
     -340.   -301.   1188.   1209.    325.    316.  -1176.  -1221.
     1224.   1257.   1232.   1249.   1232.   1249.   1224.   1257.
