
       L= 44.00
       H=114.00
     . .  RO =   .380

                

  U   -9.70  -13.00  -13.00   -9.70    9.70   13.00   13.00    9.70

  V   44.20   39.20   29.00   24.00   24.00   29.00   39.20   44.20

                          

        .36     .36     .36     .36     .36     .36     .36     .36

                          

       7.00    7.00    7.00    7.00    7.00    7.00    7.00    7.00

         NP = 2
     HH HH  U0:     100.0     100.0
     H H     P0:  600000.0  600000.0

     H  HH
B( 1, 1, 1) =  1.00     B( 2, 2, 2) =  1.00     B(

     H  H
A( 1, 1, 1, 1) =  1.00  A( 1, 1, 2, 1) =  1.00  A( 2, 2, 3, 2) =  1.00  A( 2, 2, 4, 2) =  1.00  A(
   
  U0:     183.961100      183.961100
 U( 1, 5)=  184.0  --      .0
 U( 3, 7)=     .0  --   184.0
 U( 1, 2)=     .0  --      .0
 U( 3, 4)=     .0  --      .0
 U( 5, 6)=     .0  --      .0
 U( 7, 8)=     .0  --      .0
   
       1       2       3       4       5       6       7       8
     1560.   1698.   -603.    193.  -1555.  -1704.    609.   -198.
      198.   -609.   1704.   1555.   -193.    603.  -1698.  -1560.
     1573.   1804.   1808.   1567.   1567.   1808.   1804.   1573.
